{"/Users/kyledupont/Documents/code/ohalo/dxr-mcp-server/src/index.test.ts": {"path":"/Users/kyledupont/Documents/code/ohalo/dxr-mcp-server/src/index.test.ts","all":false,"statementMap":{"0":{"start":{"line":1,"column":0},"end":{"line":1,"column":73}},"1":{"start":{"line":2,"column":0},"end":{"line":2,"column":34}},"2":{"start":{"line":3,"column":0},"end":{"line":3,"column":36}},"3":{"start":{"line":4,"column":0},"end":{"line":4,"column":37}},"6":{"start":{"line":7,"column":0},"end":{"line":7,"column":32}},"8":{"start":{"line":9,"column":0},"end":{"line":9,"column":18}},"9":{"start":{"line":10,"column":0},"end":{"line":10,"column":20}},"10":{"start":{"line":11,"column":0},"end":{"line":11,"column":17}},"11":{"start":{"line":12,"column":0},"end":{"line":12,"column":19}},"12":{"start":{"line":13,"column":0},"end":{"line":13,"column":48}},"13":{"start":{"line":14,"column":0},"end":{"line":14,"column":36}},"14":{"start":{"line":15,"column":0},"end":{"line":15,"column":4}},"15":{"start":{"line":16,"column":0},"end":{"line":16,"column":3}},"17":{"start":{"line":18,"column":0},"end":{"line":18,"column":17}},"18":{"start":{"line":19,"column":0},"end":{"line":19,"column":28}},"19":{"start":{"line":20,"column":0},"end":{"line":20,"column":23}},"20":{"start":{"line":21,"column":0},"end":{"line":21,"column":3}},"22":{"start":{"line":23,"column":0},"end":{"line":23,"column":51}},"23":{"start":{"line":24,"column":0},"end":{"line":24,"column":59}},"24":{"start":{"line":25,"column":0},"end":{"line":25,"column":35}},"25":{"start":{"line":26,"column":0},"end":{"line":26,"column":92}},"26":{"start":{"line":27,"column":0},"end":{"line":27,"column":85}},"29":{"start":{"line":30,"column":0},"end":{"line":30,"column":47}},"31":{"start":{"line":32,"column":0},"end":{"line":32,"column":50}},"32":{"start":{"line":33,"column":0},"end":{"line":33,"column":79}},"33":{"start":{"line":34,"column":0},"end":{"line":34,"column":6}},"34":{"start":{"line":35,"column":0},"end":{"line":35,"column":45}},"35":{"start":{"line":36,"column":0},"end":{"line":36,"column":5}},"37":{"start":{"line":38,"column":0},"end":{"line":38,"column":61}},"38":{"start":{"line":39,"column":0},"end":{"line":39,"column":37}},"39":{"start":{"line":40,"column":0},"end":{"line":40,"column":92}},"40":{"start":{"line":41,"column":0},"end":{"line":41,"column":85}},"42":{"start":{"line":43,"column":0},"end":{"line":43,"column":47}},"44":{"start":{"line":45,"column":0},"end":{"line":45,"column":50}},"45":{"start":{"line":46,"column":0},"end":{"line":46,"column":79}},"46":{"start":{"line":47,"column":0},"end":{"line":47,"column":6}},"47":{"start":{"line":48,"column":0},"end":{"line":48,"column":45}},"48":{"start":{"line":49,"column":0},"end":{"line":49,"column":5}},"49":{"start":{"line":50,"column":0},"end":{"line":50,"column":3}},"51":{"start":{"line":52,"column":0},"end":{"line":52,"column":35}},"52":{"start":{"line":53,"column":0},"end":{"line":53,"column":53}},"53":{"start":{"line":54,"column":0},"end":{"line":54,"column":54}},"54":{"start":{"line":55,"column":0},"end":{"line":55,"column":42}},"55":{"start":{"line":56,"column":0},"end":{"line":56,"column":35}},"56":{"start":{"line":57,"column":0},"end":{"line":57,"column":63}},"57":{"start":{"line":58,"column":0},"end":{"line":58,"column":6}},"59":{"start":{"line":60,"column":0},"end":{"line":60,"column":46}},"60":{"start":{"line":61,"column":0},"end":{"line":61,"column":54}},"61":{"start":{"line":62,"column":0},"end":{"line":62,"column":59}},"62":{"start":{"line":63,"column":0},"end":{"line":63,"column":5}},"63":{"start":{"line":64,"column":0},"end":{"line":64,"column":3}},"65":{"start":{"line":66,"column":0},"end":{"line":66,"column":43}},"69":{"start":{"line":70,"column":0},"end":{"line":70,"column":21}},"70":{"start":{"line":71,"column":0},"end":{"line":71,"column":5}},"71":{"start":{"line":72,"column":0},"end":{"line":72,"column":32}},"72":{"start":{"line":73,"column":0},"end":{"line":73,"column":28}},"73":{"start":{"line":74,"column":0},"end":{"line":74,"column":45}},"74":{"start":{"line":75,"column":0},"end":{"line":75,"column":6}},"75":{"start":{"line":76,"column":0},"end":{"line":76,"column":5}},"76":{"start":{"line":77,"column":0},"end":{"line":77,"column":39}},"77":{"start":{"line":78,"column":0},"end":{"line":78,"column":28}},"78":{"start":{"line":79,"column":0},"end":{"line":79,"column":42}},"79":{"start":{"line":80,"column":0},"end":{"line":80,"column":6}},"80":{"start":{"line":81,"column":0},"end":{"line":81,"column":5}},"81":{"start":{"line":82,"column":0},"end":{"line":82,"column":47}},"82":{"start":{"line":83,"column":0},"end":{"line":83,"column":29}},"83":{"start":{"line":84,"column":0},"end":{"line":84,"column":34}},"84":{"start":{"line":85,"column":0},"end":{"line":85,"column":6}},"85":{"start":{"line":86,"column":0},"end":{"line":86,"column":5}},"86":{"start":{"line":87,"column":0},"end":{"line":87,"column":67}},"87":{"start":{"line":88,"column":0},"end":{"line":88,"column":27}},"88":{"start":{"line":89,"column":0},"end":{"line":89,"column":35}},"89":{"start":{"line":90,"column":0},"end":{"line":90,"column":6}},"90":{"start":{"line":91,"column":0},"end":{"line":91,"column":5}},"91":{"start":{"line":92,"column":0},"end":{"line":92,"column":42}},"92":{"start":{"line":93,"column":0},"end":{"line":93,"column":27}},"93":{"start":{"line":94,"column":0},"end":{"line":94,"column":37}},"94":{"start":{"line":95,"column":0},"end":{"line":95,"column":6}},"95":{"start":{"line":96,"column":0},"end":{"line":96,"column":5}},"96":{"start":{"line":97,"column":0},"end":{"line":97,"column":36}},"97":{"start":{"line":98,"column":0},"end":{"line":98,"column":27}},"98":{"start":{"line":99,"column":0},"end":{"line":99,"column":31}},"99":{"start":{"line":100,"column":0},"end":{"line":100,"column":6}},"100":{"start":{"line":101,"column":0},"end":{"line":101,"column":4}},"102":{"start":{"line":103,"column":0},"end":{"line":103,"column":66}},"103":{"start":{"line":104,"column":0},"end":{"line":104,"column":66}},"105":{"start":{"line":106,"column":0},"end":{"line":106,"column":76}},"106":{"start":{"line":107,"column":0},"end":{"line":107,"column":66}},"108":{"start":{"line":109,"column":0},"end":{"line":109,"column":38}},"109":{"start":{"line":110,"column":0},"end":{"line":110,"column":38}},"110":{"start":{"line":111,"column":0},"end":{"line":111,"column":44}},"111":{"start":{"line":112,"column":0},"end":{"line":112,"column":37}},"112":{"start":{"line":113,"column":0},"end":{"line":113,"column":14}},"113":{"start":{"line":114,"column":0},"end":{"line":114,"column":37}},"114":{"start":{"line":115,"column":0},"end":{"line":115,"column":36}},"115":{"start":{"line":116,"column":0},"end":{"line":116,"column":7}},"116":{"start":{"line":117,"column":0},"end":{"line":117,"column":7}},"117":{"start":{"line":118,"column":0},"end":{"line":118,"column":5}},"118":{"start":{"line":119,"column":0},"end":{"line":119,"column":3}},"120":{"start":{"line":121,"column":0},"end":{"line":121,"column":32}},"121":{"start":{"line":122,"column":0},"end":{"line":122,"column":60}},"122":{"start":{"line":123,"column":0},"end":{"line":123,"column":39}},"123":{"start":{"line":124,"column":0},"end":{"line":124,"column":47}},"124":{"start":{"line":125,"column":0},"end":{"line":125,"column":50}},"125":{"start":{"line":126,"column":0},"end":{"line":126,"column":5}},"127":{"start":{"line":128,"column":0},"end":{"line":128,"column":63}},"128":{"start":{"line":129,"column":0},"end":{"line":129,"column":57}},"129":{"start":{"line":130,"column":0},"end":{"line":130,"column":46}},"130":{"start":{"line":131,"column":0},"end":{"line":131,"column":42}},"131":{"start":{"line":132,"column":0},"end":{"line":132,"column":39}},"132":{"start":{"line":133,"column":0},"end":{"line":133,"column":5}},"134":{"start":{"line":135,"column":0},"end":{"line":135,"column":53}},"135":{"start":{"line":136,"column":0},"end":{"line":136,"column":36}},"136":{"start":{"line":137,"column":0},"end":{"line":137,"column":47}},"137":{"start":{"line":138,"column":0},"end":{"line":138,"column":66}},"138":{"start":{"line":139,"column":0},"end":{"line":139,"column":5}},"139":{"start":{"line":140,"column":0},"end":{"line":140,"column":3}},"141":{"start":{"line":142,"column":0},"end":{"line":142,"column":36}},"142":{"start":{"line":143,"column":0},"end":{"line":143,"column":36}},"144":{"start":{"line":145,"column":0},"end":{"line":145,"column":75}},"145":{"start":{"line":146,"column":0},"end":{"line":146,"column":67}},"146":{"start":{"line":147,"column":0},"end":{"line":147,"column":76}},"147":{"start":{"line":148,"column":0},"end":{"line":148,"column":7}},"148":{"start":{"line":149,"column":0},"end":{"line":149,"column":19}},"149":{"start":{"line":150,"column":0},"end":{"line":150,"column":6}},"151":{"start":{"line":152,"column":0},"end":{"line":152,"column":45}},"152":{"start":{"line":153,"column":0},"end":{"line":153,"column":64}},"153":{"start":{"line":154,"column":0},"end":{"line":154,"column":70}},"154":{"start":{"line":155,"column":0},"end":{"line":155,"column":7}},"156":{"start":{"line":157,"column":0},"end":{"line":157,"column":45}},"157":{"start":{"line":158,"column":0},"end":{"line":158,"column":95}},"158":{"start":{"line":159,"column":0},"end":{"line":159,"column":98}},"159":{"start":{"line":160,"column":0},"end":{"line":160,"column":7}},"161":{"start":{"line":162,"column":0},"end":{"line":162,"column":43}},"162":{"start":{"line":163,"column":0},"end":{"line":163,"column":96}},"163":{"start":{"line":164,"column":0},"end":{"line":164,"column":97}},"164":{"start":{"line":165,"column":0},"end":{"line":165,"column":102}},"165":{"start":{"line":166,"column":0},"end":{"line":166,"column":7}},"166":{"start":{"line":167,"column":0},"end":{"line":167,"column":5}},"168":{"start":{"line":169,"column":0},"end":{"line":169,"column":36}},"169":{"start":{"line":170,"column":0},"end":{"line":170,"column":75}},"170":{"start":{"line":171,"column":0},"end":{"line":171,"column":54}},"171":{"start":{"line":172,"column":0},"end":{"line":172,"column":72}},"172":{"start":{"line":173,"column":0},"end":{"line":173,"column":7}},"173":{"start":{"line":174,"column":0},"end":{"line":174,"column":19}},"174":{"start":{"line":175,"column":0},"end":{"line":175,"column":6}},"176":{"start":{"line":177,"column":0},"end":{"line":177,"column":45}},"177":{"start":{"line":178,"column":0},"end":{"line":178,"column":55}},"178":{"start":{"line":179,"column":0},"end":{"line":179,"column":55}},"179":{"start":{"line":180,"column":0},"end":{"line":180,"column":57}},"180":{"start":{"line":181,"column":0},"end":{"line":181,"column":59}},"181":{"start":{"line":182,"column":0},"end":{"line":182,"column":7}},"183":{"start":{"line":184,"column":0},"end":{"line":184,"column":35}},"184":{"start":{"line":185,"column":0},"end":{"line":185,"column":63}},"185":{"start":{"line":186,"column":0},"end":{"line":186,"column":53}},"186":{"start":{"line":187,"column":0},"end":{"line":187,"column":8}},"187":{"start":{"line":188,"column":0},"end":{"line":188,"column":7}},"189":{"start":{"line":190,"column":0},"end":{"line":190,"column":43}},"190":{"start":{"line":191,"column":0},"end":{"line":191,"column":63}},"191":{"start":{"line":192,"column":0},"end":{"line":192,"column":53}},"192":{"start":{"line":193,"column":0},"end":{"line":193,"column":8}},"193":{"start":{"line":194,"column":0},"end":{"line":194,"column":64}},"194":{"start":{"line":195,"column":0},"end":{"line":195,"column":53}},"195":{"start":{"line":196,"column":0},"end":{"line":196,"column":8}},"196":{"start":{"line":197,"column":0},"end":{"line":197,"column":69}},"197":{"start":{"line":198,"column":0},"end":{"line":198,"column":53}},"198":{"start":{"line":199,"column":0},"end":{"line":199,"column":8}},"199":{"start":{"line":200,"column":0},"end":{"line":200,"column":7}},"200":{"start":{"line":201,"column":0},"end":{"line":201,"column":5}},"201":{"start":{"line":202,"column":0},"end":{"line":202,"column":3}},"203":{"start":{"line":204,"column":0},"end":{"line":204,"column":41}},"204":{"start":{"line":205,"column":0},"end":{"line":205,"column":45}},"205":{"start":{"line":206,"column":0},"end":{"line":206,"column":60}},"206":{"start":{"line":207,"column":0},"end":{"line":207,"column":119}},"207":{"start":{"line":208,"column":0},"end":{"line":208,"column":77}},"208":{"start":{"line":209,"column":0},"end":{"line":209,"column":55}},"210":{"start":{"line":211,"column":0},"end":{"line":211,"column":35}},"211":{"start":{"line":212,"column":0},"end":{"line":212,"column":78}},"212":{"start":{"line":213,"column":0},"end":{"line":213,"column":78}},"213":{"start":{"line":214,"column":0},"end":{"line":214,"column":7}},"215":{"start":{"line":216,"column":0},"end":{"line":216,"column":52}},"216":{"start":{"line":217,"column":0},"end":{"line":217,"column":27}},"217":{"start":{"line":218,"column":0},"end":{"line":218,"column":77}},"219":{"start":{"line":220,"column":0},"end":{"line":220,"column":36}},"220":{"start":{"line":221,"column":0},"end":{"line":221,"column":7}},"222":{"start":{"line":223,"column":0},"end":{"line":223,"column":50}},"223":{"start":{"line":224,"column":0},"end":{"line":224,"column":57}},"224":{"start":{"line":225,"column":0},"end":{"line":225,"column":77}},"225":{"start":{"line":226,"column":0},"end":{"line":226,"column":55}},"227":{"start":{"line":228,"column":0},"end":{"line":228,"column":35}},"228":{"start":{"line":229,"column":0},"end":{"line":229,"column":7}},"229":{"start":{"line":230,"column":0},"end":{"line":230,"column":5}},"231":{"start":{"line":232,"column":0},"end":{"line":232,"column":45}},"232":{"start":{"line":233,"column":0},"end":{"line":233,"column":56}},"233":{"start":{"line":234,"column":0},"end":{"line":234,"column":60}},"234":{"start":{"line":235,"column":0},"end":{"line":235,"column":51}},"236":{"start":{"line":237,"column":0},"end":{"line":237,"column":58}},"239":{"start":{"line":240,"column":0},"end":{"line":240,"column":63}},"240":{"start":{"line":241,"column":0},"end":{"line":241,"column":50}},"241":{"start":{"line":242,"column":0},"end":{"line":242,"column":7}},"243":{"start":{"line":244,"column":0},"end":{"line":244,"column":52}},"244":{"start":{"line":245,"column":0},"end":{"line":245,"column":57}},"245":{"start":{"line":246,"column":0},"end":{"line":246,"column":50}},"247":{"start":{"line":248,"column":0},"end":{"line":248,"column":47}},"248":{"start":{"line":249,"column":0},"end":{"line":249,"column":43}},"249":{"start":{"line":250,"column":0},"end":{"line":250,"column":7}},"250":{"start":{"line":251,"column":0},"end":{"line":251,"column":5}},"252":{"start":{"line":253,"column":0},"end":{"line":253,"column":44}},"253":{"start":{"line":254,"column":0},"end":{"line":254,"column":55}},"254":{"start":{"line":255,"column":0},"end":{"line":255,"column":24}},"255":{"start":{"line":256,"column":0},"end":{"line":256,"column":21}},"256":{"start":{"line":257,"column":0},"end":{"line":257,"column":15}},"257":{"start":{"line":258,"column":0},"end":{"line":258,"column":48}},"258":{"start":{"line":259,"column":0},"end":{"line":259,"column":48}},"259":{"start":{"line":260,"column":0},"end":{"line":260,"column":10}},"260":{"start":{"line":261,"column":0},"end":{"line":261,"column":8}},"262":{"start":{"line":263,"column":0},"end":{"line":263,"column":51}},"263":{"start":{"line":264,"column":0},"end":{"line":264,"column":45}},"265":{"start":{"line":266,"column":0},"end":{"line":266,"column":39}},"266":{"start":{"line":267,"column":0},"end":{"line":267,"column":39}},"267":{"start":{"line":268,"column":0},"end":{"line":268,"column":42}},"268":{"start":{"line":269,"column":0},"end":{"line":269,"column":7}},"269":{"start":{"line":270,"column":0},"end":{"line":270,"column":5}},"270":{"start":{"line":271,"column":0},"end":{"line":271,"column":3}},"272":{"start":{"line":273,"column":0},"end":{"line":273,"column":44}},"273":{"start":{"line":274,"column":0},"end":{"line":274,"column":40}},"274":{"start":{"line":275,"column":0},"end":{"line":275,"column":22}},"275":{"start":{"line":276,"column":0},"end":{"line":276,"column":22}},"276":{"start":{"line":277,"column":0},"end":{"line":277,"column":14}},"277":{"start":{"line":278,"column":0},"end":{"line":278,"column":26}},"278":{"start":{"line":279,"column":0},"end":{"line":279,"column":59}},"279":{"start":{"line":280,"column":0},"end":{"line":280,"column":8}},"280":{"start":{"line":281,"column":0},"end":{"line":281,"column":6}},"282":{"start":{"line":283,"column":0},"end":{"line":283,"column":42}},"283":{"start":{"line":284,"column":0},"end":{"line":284,"column":50}},"284":{"start":{"line":285,"column":0},"end":{"line":285,"column":5}},"286":{"start":{"line":287,"column":0},"end":{"line":287,"column":55}},"287":{"start":{"line":288,"column":0},"end":{"line":288,"column":22}},"288":{"start":{"line":289,"column":0},"end":{"line":289,"column":22}},"289":{"start":{"line":290,"column":0},"end":{"line":290,"column":14}},"290":{"start":{"line":291,"column":0},"end":{"line":291,"column":29}},"291":{"start":{"line":292,"column":0},"end":{"line":292,"column":59}},"292":{"start":{"line":293,"column":0},"end":{"line":293,"column":8}},"293":{"start":{"line":294,"column":0},"end":{"line":294,"column":6}},"295":{"start":{"line":296,"column":0},"end":{"line":296,"column":42}},"296":{"start":{"line":297,"column":0},"end":{"line":297,"column":53}},"297":{"start":{"line":298,"column":0},"end":{"line":298,"column":5}},"299":{"start":{"line":300,"column":0},"end":{"line":300,"column":47}},"300":{"start":{"line":301,"column":0},"end":{"line":301,"column":22}},"301":{"start":{"line":302,"column":0},"end":{"line":302,"column":22}},"302":{"start":{"line":303,"column":0},"end":{"line":303,"column":14}},"303":{"start":{"line":304,"column":0},"end":{"line":304,"column":38}},"304":{"start":{"line":305,"column":0},"end":{"line":305,"column":40}},"305":{"start":{"line":306,"column":0},"end":{"line":306,"column":8}},"306":{"start":{"line":307,"column":0},"end":{"line":307,"column":6}},"308":{"start":{"line":309,"column":0},"end":{"line":309,"column":42}},"309":{"start":{"line":310,"column":0},"end":{"line":310,"column":62}},"310":{"start":{"line":311,"column":0},"end":{"line":311,"column":5}},"311":{"start":{"line":312,"column":0},"end":{"line":312,"column":3}},"313":{"start":{"line":314,"column":0},"end":{"line":314,"column":41}},"314":{"start":{"line":315,"column":0},"end":{"line":315,"column":40}},"315":{"start":{"line":316,"column":0},"end":{"line":316,"column":47}},"316":{"start":{"line":317,"column":0},"end":{"line":317,"column":28}},"317":{"start":{"line":318,"column":0},"end":{"line":318,"column":29}},"318":{"start":{"line":319,"column":0},"end":{"line":319,"column":24}},"319":{"start":{"line":320,"column":0},"end":{"line":320,"column":47}},"320":{"start":{"line":321,"column":0},"end":{"line":321,"column":41}},"321":{"start":{"line":322,"column":0},"end":{"line":322,"column":8}},"323":{"start":{"line":324,"column":0},"end":{"line":324,"column":37}},"324":{"start":{"line":325,"column":0},"end":{"line":325,"column":22}},"325":{"start":{"line":326,"column":0},"end":{"line":326,"column":71}},"326":{"start":{"line":327,"column":0},"end":{"line":327,"column":69}},"327":{"start":{"line":328,"column":0},"end":{"line":328,"column":11}},"328":{"start":{"line":329,"column":0},"end":{"line":329,"column":25}},"329":{"start":{"line":330,"column":0},"end":{"line":330,"column":9}},"330":{"start":{"line":331,"column":0},"end":{"line":331,"column":7}},"332":{"start":{"line":333,"column":0},"end":{"line":333,"column":51}},"333":{"start":{"line":334,"column":0},"end":{"line":334,"column":60}},"335":{"start":{"line":336,"column":0},"end":{"line":336,"column":39}},"336":{"start":{"line":337,"column":0},"end":{"line":337,"column":34}},"337":{"start":{"line":338,"column":0},"end":{"line":338,"column":24}},"338":{"start":{"line":339,"column":0},"end":{"line":339,"column":85}},"339":{"start":{"line":340,"column":0},"end":{"line":340,"column":71}},"340":{"start":{"line":341,"column":0},"end":{"line":341,"column":13}},"341":{"start":{"line":342,"column":0},"end":{"line":342,"column":23}},"342":{"start":{"line":343,"column":0},"end":{"line":343,"column":9}},"343":{"start":{"line":344,"column":0},"end":{"line":344,"column":9}},"344":{"start":{"line":345,"column":0},"end":{"line":345,"column":7}},"345":{"start":{"line":346,"column":0},"end":{"line":346,"column":5}},"347":{"start":{"line":348,"column":0},"end":{"line":348,"column":38}},"348":{"start":{"line":349,"column":0},"end":{"line":349,"column":45}},"349":{"start":{"line":350,"column":0},"end":{"line":350,"column":20}},"350":{"start":{"line":351,"column":0},"end":{"line":351,"column":24}},"351":{"start":{"line":352,"column":0},"end":{"line":352,"column":39}},"352":{"start":{"line":353,"column":0},"end":{"line":353,"column":60}},"353":{"start":{"line":354,"column":0},"end":{"line":354,"column":9}},"354":{"start":{"line":355,"column":0},"end":{"line":355,"column":51}},"355":{"start":{"line":356,"column":0},"end":{"line":356,"column":7}},"357":{"start":{"line":358,"column":0},"end":{"line":358,"column":48}},"358":{"start":{"line":359,"column":0},"end":{"line":359,"column":45}},"360":{"start":{"line":361,"column":0},"end":{"line":361,"column":32}},"361":{"start":{"line":362,"column":0},"end":{"line":362,"column":22}},"362":{"start":{"line":363,"column":0},"end":{"line":363,"column":65}},"363":{"start":{"line":364,"column":0},"end":{"line":364,"column":70}},"364":{"start":{"line":365,"column":0},"end":{"line":365,"column":11}},"365":{"start":{"line":366,"column":0},"end":{"line":366,"column":21}},"366":{"start":{"line":367,"column":0},"end":{"line":367,"column":9}},"367":{"start":{"line":368,"column":0},"end":{"line":368,"column":7}},"369":{"start":{"line":370,"column":0},"end":{"line":370,"column":46}},"370":{"start":{"line":371,"column":0},"end":{"line":371,"column":78}},"372":{"start":{"line":373,"column":0},"end":{"line":373,"column":30}},"373":{"start":{"line":374,"column":0},"end":{"line":374,"column":22}},"374":{"start":{"line":375,"column":0},"end":{"line":375,"column":65}},"375":{"start":{"line":376,"column":0},"end":{"line":376,"column":70}},"376":{"start":{"line":377,"column":0},"end":{"line":377,"column":11}},"377":{"start":{"line":378,"column":0},"end":{"line":378,"column":25}},"378":{"start":{"line":379,"column":0},"end":{"line":379,"column":9}},"379":{"start":{"line":380,"column":0},"end":{"line":380,"column":7}},"380":{"start":{"line":381,"column":0},"end":{"line":381,"column":5}},"382":{"start":{"line":383,"column":0},"end":{"line":383,"column":44}},"383":{"start":{"line":384,"column":0},"end":{"line":384,"column":56}},"384":{"start":{"line":385,"column":0},"end":{"line":385,"column":20}},"385":{"start":{"line":386,"column":0},"end":{"line":386,"column":38}},"386":{"start":{"line":387,"column":0},"end":{"line":387,"column":59}},"387":{"start":{"line":388,"column":0},"end":{"line":388,"column":77}},"388":{"start":{"line":389,"column":0},"end":{"line":389,"column":9}},"389":{"start":{"line":390,"column":0},"end":{"line":390,"column":48}},"391":{"start":{"line":392,"column":0},"end":{"line":392,"column":20}},"392":{"start":{"line":393,"column":0},"end":{"line":393,"column":40}},"393":{"start":{"line":394,"column":0},"end":{"line":394,"column":68}},"394":{"start":{"line":395,"column":0},"end":{"line":395,"column":77}},"395":{"start":{"line":396,"column":0},"end":{"line":396,"column":9}},"396":{"start":{"line":397,"column":0},"end":{"line":397,"column":48}},"397":{"start":{"line":398,"column":0},"end":{"line":398,"column":7}},"399":{"start":{"line":400,"column":0},"end":{"line":400,"column":57}},"400":{"start":{"line":401,"column":0},"end":{"line":401,"column":64}},"402":{"start":{"line":403,"column":0},"end":{"line":403,"column":48}},"403":{"start":{"line":404,"column":0},"end":{"line":404,"column":39}},"404":{"start":{"line":405,"column":0},"end":{"line":405,"column":24}},"405":{"start":{"line":406,"column":0},"end":{"line":406,"column":70}},"406":{"start":{"line":407,"column":0},"end":{"line":407,"column":77}},"407":{"start":{"line":408,"column":0},"end":{"line":408,"column":13}},"408":{"start":{"line":409,"column":0},"end":{"line":409,"column":23}},"409":{"start":{"line":410,"column":0},"end":{"line":410,"column":9}},"410":{"start":{"line":411,"column":0},"end":{"line":411,"column":9}},"411":{"start":{"line":412,"column":0},"end":{"line":412,"column":7}},"413":{"start":{"line":414,"column":0},"end":{"line":414,"column":48}},"414":{"start":{"line":415,"column":0},"end":{"line":415,"column":52}},"416":{"start":{"line":417,"column":0},"end":{"line":417,"column":20}},"417":{"start":{"line":418,"column":0},"end":{"line":418,"column":59}},"418":{"start":{"line":419,"column":0},"end":{"line":419,"column":77}},"419":{"start":{"line":420,"column":0},"end":{"line":420,"column":9}},"420":{"start":{"line":421,"column":0},"end":{"line":421,"column":73}},"421":{"start":{"line":422,"column":0},"end":{"line":422,"column":68}},"422":{"start":{"line":423,"column":0},"end":{"line":423,"column":9}},"423":{"start":{"line":424,"column":0},"end":{"line":424,"column":78}},"424":{"start":{"line":425,"column":0},"end":{"line":425,"column":73}},"425":{"start":{"line":426,"column":0},"end":{"line":426,"column":9}},"426":{"start":{"line":427,"column":0},"end":{"line":427,"column":23}},"427":{"start":{"line":428,"column":0},"end":{"line":428,"column":7}},"428":{"start":{"line":429,"column":0},"end":{"line":429,"column":5}},"429":{"start":{"line":430,"column":0},"end":{"line":430,"column":3}},"431":{"start":{"line":432,"column":0},"end":{"line":432,"column":31}},"432":{"start":{"line":433,"column":0},"end":{"line":433,"column":58}},"434":{"start":{"line":435,"column":0},"end":{"line":435,"column":34}},"435":{"start":{"line":436,"column":0},"end":{"line":436,"column":28}},"436":{"start":{"line":437,"column":0},"end":{"line":437,"column":13}},"437":{"start":{"line":438,"column":0},"end":{"line":438,"column":9}},"438":{"start":{"line":439,"column":0},"end":{"line":439,"column":18}},"439":{"start":{"line":440,"column":0},"end":{"line":440,"column":31}},"440":{"start":{"line":441,"column":0},"end":{"line":441,"column":40}},"441":{"start":{"line":442,"column":0},"end":{"line":442,"column":21}},"442":{"start":{"line":443,"column":0},"end":{"line":443,"column":44}},"443":{"start":{"line":444,"column":0},"end":{"line":444,"column":44}},"444":{"start":{"line":445,"column":0},"end":{"line":445,"column":10}},"445":{"start":{"line":446,"column":0},"end":{"line":446,"column":8}},"446":{"start":{"line":447,"column":0},"end":{"line":447,"column":6}},"447":{"start":{"line":448,"column":0},"end":{"line":448,"column":51}},"450":{"start":{"line":451,"column":0},"end":{"line":451,"column":33}},"451":{"start":{"line":452,"column":0},"end":{"line":452,"column":30}},"452":{"start":{"line":453,"column":0},"end":{"line":453,"column":37}},"453":{"start":{"line":454,"column":0},"end":{"line":454,"column":60}},"454":{"start":{"line":455,"column":0},"end":{"line":455,"column":6}},"455":{"start":{"line":456,"column":0},"end":{"line":456,"column":68}},"458":{"start":{"line":459,"column":0},"end":{"line":459,"column":31}},"459":{"start":{"line":460,"column":0},"end":{"line":460,"column":28}},"460":{"start":{"line":461,"column":0},"end":{"line":461,"column":13}},"461":{"start":{"line":462,"column":0},"end":{"line":462,"column":48}},"462":{"start":{"line":463,"column":0},"end":{"line":463,"column":8}},"463":{"start":{"line":464,"column":0},"end":{"line":464,"column":6}},"464":{"start":{"line":465,"column":0},"end":{"line":465,"column":72}},"467":{"start":{"line":468,"column":0},"end":{"line":468,"column":35}},"468":{"start":{"line":469,"column":0},"end":{"line":469,"column":28}},"469":{"start":{"line":470,"column":0},"end":{"line":470,"column":13}},"470":{"start":{"line":471,"column":0},"end":{"line":471,"column":9}},"471":{"start":{"line":472,"column":0},"end":{"line":472,"column":21}},"472":{"start":{"line":473,"column":0},"end":{"line":473,"column":30}},"473":{"start":{"line":474,"column":0},"end":{"line":474,"column":37}},"474":{"start":{"line":475,"column":0},"end":{"line":475,"column":53}},"475":{"start":{"line":476,"column":0},"end":{"line":476,"column":44}},"476":{"start":{"line":477,"column":0},"end":{"line":477,"column":44}},"477":{"start":{"line":478,"column":0},"end":{"line":478,"column":33}},"478":{"start":{"line":479,"column":0},"end":{"line":479,"column":10}},"479":{"start":{"line":480,"column":0},"end":{"line":480,"column":8}},"480":{"start":{"line":481,"column":0},"end":{"line":481,"column":6}},"481":{"start":{"line":482,"column":0},"end":{"line":482,"column":65}},"484":{"start":{"line":485,"column":0},"end":{"line":485,"column":29}},"485":{"start":{"line":486,"column":0},"end":{"line":486,"column":28}},"486":{"start":{"line":487,"column":0},"end":{"line":487,"column":13}},"487":{"start":{"line":488,"column":0},"end":{"line":488,"column":9}},"488":{"start":{"line":489,"column":0},"end":{"line":489,"column":16}},"489":{"start":{"line":490,"column":0},"end":{"line":490,"column":31}},"490":{"start":{"line":491,"column":0},"end":{"line":491,"column":44}},"491":{"start":{"line":492,"column":0},"end":{"line":492,"column":44}},"492":{"start":{"line":493,"column":0},"end":{"line":493,"column":10}},"493":{"start":{"line":494,"column":0},"end":{"line":494,"column":8}},"494":{"start":{"line":495,"column":0},"end":{"line":495,"column":6}},"495":{"start":{"line":496,"column":0},"end":{"line":496,"column":47}},"496":{"start":{"line":497,"column":0},"end":{"line":497,"column":5}},"497":{"start":{"line":498,"column":0},"end":{"line":498,"column":3}}},"s":{"0":1,"1":1,"2":1,"3":1,"6":1,"8":1,"9":36,"10":36,"11":36,"12":36,"13":36,"14":36,"15":36,"17":1,"18":36,"19":36,"20":36,"22":1,"23":1,"24":1,"25":1,"26":1,"29":1,"31":1,"32":1,"33":1,"34":1,"35":1,"37":1,"38":1,"39":1,"40":1,"42":1,"44":1,"45":1,"46":1,"47":1,"48":1,"49":1,"51":1,"52":1,"53":1,"54":1,"55":1,"56":1,"57":1,"59":1,"60":1,"61":1,"62":1,"63":1,"65":1,"69":1,"70":1,"71":1,"72":1,"73":1,"74":1,"75":1,"76":1,"77":1,"78":1,"79":1,"80":1,"81":1,"82":1,"83":1,"84":1,"85":1,"86":1,"87":1,"88":1,"89":1,"90":1,"91":1,"92":1,"93":1,"94":1,"95":1,"96":1,"97":1,"98":1,"99":1,"100":1,"102":1,"103":6,"105":6,"106":6,"108":6,"109":1,"110":6,"111":2,"112":5,"113":3,"114":3,"115":3,"116":6,"117":1,"118":1,"120":1,"121":1,"122":1,"123":1,"124":1,"125":1,"127":1,"128":1,"129":1,"130":1,"131":1,"132":1,"134":1,"135":1,"136":1,"137":1,"138":1,"139":1,"141":1,"142":1,"144":1,"145":7,"146":5,"147":5,"148":2,"149":7,"151":1,"152":1,"153":1,"154":1,"156":1,"157":1,"158":1,"159":1,"161":1,"162":1,"163":1,"164":1,"165":1,"166":1,"168":1,"169":1,"170":8,"171":4,"172":4,"173":4,"174":8,"176":1,"177":1,"178":1,"179":1,"180":1,"181":1,"183":1,"184":1,"185":1,"186":1,"187":1,"189":1,"190":1,"191":1,"192":1,"193":1,"194":1,"195":1,"196":1,"197":1,"198":1,"199":1,"200":1,"201":1,"203":1,"204":1,"205":1,"206":1,"207":1,"208":1,"210":1,"211":1,"212":1,"213":1,"215":1,"216":1,"217":1,"219":1,"220":1,"222":1,"223":1,"224":1,"225":1,"227":1,"228":1,"229":1,"231":1,"232":1,"233":1,"234":1,"236":1,"239":1,"240":1,"241":1,"243":1,"244":1,"245":1,"247":1,"248":1,"249":1,"250":1,"252":1,"253":1,"254":1,"255":1,"256":1,"257":1,"258":1,"259":1,"260":1,"262":1,"263":1,"265":1,"266":1,"267":1,"268":1,"269":1,"270":1,"272":1,"273":1,"274":1,"275":1,"276":1,"277":1,"278":1,"279":1,"280":1,"282":1,"283":1,"284":1,"286":1,"287":1,"288":1,"289":1,"290":1,"291":1,"292":1,"293":1,"295":1,"296":1,"297":1,"299":1,"300":1,"301":1,"302":1,"303":1,"304":1,"305":1,"306":1,"308":1,"309":1,"310":1,"311":1,"313":1,"314":1,"315":1,"316":1,"317":1,"318":1,"319":1,"320":1,"321":1,"323":1,"324":4,"325":4,"326":0,"327":0,"328":4,"329":1,"330":1,"332":1,"333":1,"335":1,"336":5,"337":4,"338":4,"339":4,"340":4,"341":4,"342":4,"343":1,"344":1,"345":1,"347":1,"348":1,"349":1,"350":1,"351":1,"352":1,"353":1,"354":1,"355":1,"357":1,"358":1,"360":1,"361":4,"362":4,"363":4,"364":4,"365":4,"366":1,"367":1,"369":1,"370":1,"372":1,"373":3,"374":3,"375":0,"376":0,"377":3,"378":1,"379":1,"380":1,"382":1,"383":1,"384":1,"385":1,"386":1,"387":1,"388":1,"389":1,"391":1,"392":1,"393":1,"394":1,"395":1,"396":1,"397":1,"399":1,"400":1,"402":1,"403":5,"404":4,"405":4,"406":4,"407":4,"408":4,"409":4,"410":1,"411":1,"413":1,"414":1,"416":1,"417":1,"418":0,"419":0,"420":1,"421":0,"422":0,"423":1,"424":0,"425":0,"426":1,"427":1,"428":1,"429":1,"431":1,"432":1,"434":1,"435":1,"436":1,"437":1,"438":1,"439":1,"440":1,"441":1,"442":1,"443":1,"444":1,"445":1,"446":1,"447":1,"450":1,"451":1,"452":1,"453":1,"454":1,"455":1,"458":1,"459":1,"460":1,"461":1,"462":1,"463":1,"464":1,"467":1,"468":1,"469":1,"470":1,"471":1,"472":1,"473":1,"474":1,"475":1,"476":1,"477":1,"478":1,"479":1,"480":1,"481":1,"484":1,"485":1,"486":1,"487":1,"488":1,"489":1,"490":1,"491":1,"492":1,"493":1,"494":1,"495":1,"496":1,"497":1},"branchMap":{"0":{"type":"branch","line":9,"loc":{"start":{"line":9,"column":11},"end":{"line":16,"column":3}},"locations":[{"start":{"line":9,"column":11},"end":{"line":16,"column":3}}]},"1":{"type":"branch","line":18,"loc":{"start":{"line":18,"column":10},"end":{"line":21,"column":3}},"locations":[{"start":{"line":18,"column":10},"end":{"line":21,"column":3}}]},"2":{"type":"branch","line":23,"loc":{"start":{"line":23,"column":44},"end":{"line":50,"column":3}},"locations":[{"start":{"line":23,"column":44},"end":{"line":50,"column":3}}]},"3":{"type":"branch","line":24,"loc":{"start":{"line":24,"column":46},"end":{"line":36,"column":3}},"locations":[{"start":{"line":24,"column":46},"end":{"line":36,"column":3}}]},"4":{"type":"branch","line":26,"loc":{"start":{"line":26,"column":66},"end":{"line":26,"column":90}},"locations":[{"start":{"line":26,"column":66},"end":{"line":26,"column":90}}]},"5":{"type":"branch","line":27,"loc":{"start":{"line":27,"column":75},"end":{"line":27,"column":83}},"locations":[{"start":{"line":27,"column":75},"end":{"line":27,"column":83}}]},"6":{"type":"branch","line":38,"loc":{"start":{"line":38,"column":48},"end":{"line":49,"column":3}},"locations":[{"start":{"line":38,"column":48},"end":{"line":49,"column":3}}]},"7":{"type":"branch","line":40,"loc":{"start":{"line":40,"column":66},"end":{"line":40,"column":90}},"locations":[{"start":{"line":40,"column":66},"end":{"line":40,"column":90}}]},"8":{"type":"branch","line":41,"loc":{"start":{"line":41,"column":75},"end":{"line":41,"column":83}},"locations":[{"start":{"line":41,"column":75},"end":{"line":41,"column":83}}]},"9":{"type":"branch","line":52,"loc":{"start":{"line":52,"column":28},"end":{"line":64,"column":3}},"locations":[{"start":{"line":52,"column":28},"end":{"line":64,"column":3}}]},"10":{"type":"branch","line":53,"loc":{"start":{"line":53,"column":46},"end":{"line":63,"column":3}},"locations":[{"start":{"line":53,"column":46},"end":{"line":63,"column":3}}]},"11":{"type":"branch","line":66,"loc":{"start":{"line":66,"column":36},"end":{"line":119,"column":3}},"locations":[{"start":{"line":66,"column":36},"end":{"line":119,"column":3}}]},"12":{"type":"branch","line":103,"loc":{"start":{"line":103,"column":20},"end":{"line":118,"column":3}},"locations":[{"start":{"line":103,"column":20},"end":{"line":118,"column":3}}]},"13":{"type":"branch","line":104,"loc":{"start":{"line":104,"column":59},"end":{"line":117,"column":5}},"locations":[{"start":{"line":104,"column":59},"end":{"line":117,"column":5}}]},"14":{"type":"branch","line":109,"loc":{"start":{"line":109,"column":37},"end":{"line":111,"column":17}},"locations":[{"start":{"line":109,"column":37},"end":{"line":111,"column":17}}]},"15":{"type":"branch","line":111,"loc":{"start":{"line":111,"column":6},"end":{"line":116,"column":7}},"locations":[{"start":{"line":111,"column":6},"end":{"line":116,"column":7}}]},"16":{"type":"branch","line":111,"loc":{"start":{"line":111,"column":43},"end":{"line":113,"column":13}},"locations":[{"start":{"line":111,"column":43},"end":{"line":113,"column":13}}]},"17":{"type":"branch","line":113,"loc":{"start":{"line":113,"column":6},"end":{"line":116,"column":7}},"locations":[{"start":{"line":113,"column":6},"end":{"line":116,"column":7}}]},"18":{"type":"branch","line":121,"loc":{"start":{"line":121,"column":25},"end":{"line":140,"column":3}},"locations":[{"start":{"line":121,"column":25},"end":{"line":140,"column":3}}]},"19":{"type":"branch","line":122,"loc":{"start":{"line":122,"column":53},"end":{"line":126,"column":3}},"locations":[{"start":{"line":122,"column":53},"end":{"line":126,"column":3}}]},"20":{"type":"branch","line":128,"loc":{"start":{"line":128,"column":56},"end":{"line":133,"column":3}},"locations":[{"start":{"line":128,"column":56},"end":{"line":133,"column":3}}]},"21":{"type":"branch","line":135,"loc":{"start":{"line":135,"column":46},"end":{"line":139,"column":3}},"locations":[{"start":{"line":135,"column":46},"end":{"line":139,"column":3}}]},"22":{"type":"branch","line":142,"loc":{"start":{"line":142,"column":29},"end":{"line":202,"column":3}},"locations":[{"start":{"line":142,"column":29},"end":{"line":202,"column":3}}]},"23":{"type":"branch","line":143,"loc":{"start":{"line":143,"column":29},"end":{"line":167,"column":3}},"locations":[{"start":{"line":143,"column":29},"end":{"line":167,"column":3}}]},"24":{"type":"branch","line":145,"loc":{"start":{"line":145,"column":27},"end":{"line":150,"column":6}},"locations":[{"start":{"line":145,"column":27},"end":{"line":150,"column":6}}]},"25":{"type":"branch","line":146,"loc":{"start":{"line":146,"column":27},"end":{"line":146,"column":66}},"locations":[{"start":{"line":146,"column":27},"end":{"line":146,"column":66}}]},"26":{"type":"branch","line":146,"loc":{"start":{"line":146,"column":66},"end":{"line":148,"column":7}},"locations":[{"start":{"line":146,"column":66},"end":{"line":148,"column":7}}]},"27":{"type":"branch","line":148,"loc":{"start":{"line":148,"column":6},"end":{"line":149,"column":19}},"locations":[{"start":{"line":148,"column":6},"end":{"line":149,"column":19}}]},"28":{"type":"branch","line":152,"loc":{"start":{"line":152,"column":38},"end":{"line":155,"column":5}},"locations":[{"start":{"line":152,"column":38},"end":{"line":155,"column":5}}]},"29":{"type":"branch","line":157,"loc":{"start":{"line":157,"column":38},"end":{"line":160,"column":5}},"locations":[{"start":{"line":157,"column":38},"end":{"line":160,"column":5}}]},"30":{"type":"branch","line":158,"loc":{"start":{"line":158,"column":13},"end":{"line":158,"column":43}},"locations":[{"start":{"line":158,"column":13},"end":{"line":158,"column":43}}]},"31":{"type":"branch","line":159,"loc":{"start":{"line":159,"column":13},"end":{"line":159,"column":46}},"locations":[{"start":{"line":159,"column":13},"end":{"line":159,"column":46}}]},"32":{"type":"branch","line":162,"loc":{"start":{"line":162,"column":36},"end":{"line":166,"column":5}},"locations":[{"start":{"line":162,"column":36},"end":{"line":166,"column":5}}]},"33":{"type":"branch","line":163,"loc":{"start":{"line":163,"column":13},"end":{"line":163,"column":44}},"locations":[{"start":{"line":163,"column":13},"end":{"line":163,"column":44}}]},"34":{"type":"branch","line":164,"loc":{"start":{"line":164,"column":13},"end":{"line":164,"column":45}},"locations":[{"start":{"line":164,"column":13},"end":{"line":164,"column":45}}]},"35":{"type":"branch","line":165,"loc":{"start":{"line":165,"column":13},"end":{"line":165,"column":50}},"locations":[{"start":{"line":165,"column":13},"end":{"line":165,"column":50}}]},"36":{"type":"branch","line":169,"loc":{"start":{"line":169,"column":29},"end":{"line":201,"column":3}},"locations":[{"start":{"line":169,"column":29},"end":{"line":201,"column":3}}]},"37":{"type":"branch","line":170,"loc":{"start":{"line":170,"column":27},"end":{"line":175,"column":6}},"locations":[{"start":{"line":170,"column":27},"end":{"line":175,"column":6}}]},"38":{"type":"branch","line":171,"loc":{"start":{"line":171,"column":27},"end":{"line":171,"column":53}},"locations":[{"start":{"line":171,"column":27},"end":{"line":171,"column":53}}]},"39":{"type":"branch","line":171,"loc":{"start":{"line":171,"column":53},"end":{"line":174,"column":19}},"locations":[{"start":{"line":171,"column":53},"end":{"line":174,"column":19}}]},"40":{"type":"branch","line":177,"loc":{"start":{"line":177,"column":38},"end":{"line":182,"column":5}},"locations":[{"start":{"line":177,"column":38},"end":{"line":182,"column":5}}]},"41":{"type":"branch","line":184,"loc":{"start":{"line":184,"column":28},"end":{"line":188,"column":5}},"locations":[{"start":{"line":184,"column":28},"end":{"line":188,"column":5}}]},"42":{"type":"branch","line":185,"loc":{"start":{"line":185,"column":13},"end":{"line":185,"column":53}},"locations":[{"start":{"line":185,"column":13},"end":{"line":185,"column":53}}]},"43":{"type":"branch","line":190,"loc":{"start":{"line":190,"column":36},"end":{"line":200,"column":5}},"locations":[{"start":{"line":190,"column":36},"end":{"line":200,"column":5}}]},"44":{"type":"branch","line":191,"loc":{"start":{"line":191,"column":13},"end":{"line":191,"column":53}},"locations":[{"start":{"line":191,"column":13},"end":{"line":191,"column":53}}]},"45":{"type":"branch","line":194,"loc":{"start":{"line":194,"column":13},"end":{"line":194,"column":54}},"locations":[{"start":{"line":194,"column":13},"end":{"line":194,"column":54}}]},"46":{"type":"branch","line":197,"loc":{"start":{"line":197,"column":13},"end":{"line":197,"column":59}},"locations":[{"start":{"line":197,"column":13},"end":{"line":197,"column":59}}]},"47":{"type":"branch","line":204,"loc":{"start":{"line":204,"column":34},"end":{"line":271,"column":3}},"locations":[{"start":{"line":204,"column":34},"end":{"line":271,"column":3}}]},"48":{"type":"branch","line":205,"loc":{"start":{"line":205,"column":38},"end":{"line":230,"column":3}},"locations":[{"start":{"line":205,"column":38},"end":{"line":230,"column":3}}]},"49":{"type":"branch","line":206,"loc":{"start":{"line":206,"column":53},"end":{"line":214,"column":5}},"locations":[{"start":{"line":206,"column":53},"end":{"line":214,"column":5}}]},"50":{"type":"branch","line":208,"loc":{"start":{"line":208,"column":56},"end":{"line":208,"column":75}},"locations":[{"start":{"line":208,"column":56},"end":{"line":208,"column":75}}]},"51":{"type":"branch","line":209,"loc":{"start":{"line":209,"column":29},"end":{"line":209,"column":53}},"locations":[{"start":{"line":209,"column":29},"end":{"line":209,"column":53}}]},"52":{"type":"branch","line":216,"loc":{"start":{"line":216,"column":45},"end":{"line":221,"column":5}},"locations":[{"start":{"line":216,"column":45},"end":{"line":221,"column":5}}]},"53":{"type":"branch","line":218,"loc":{"start":{"line":218,"column":56},"end":{"line":218,"column":75}},"locations":[{"start":{"line":218,"column":56},"end":{"line":218,"column":75}}]},"54":{"type":"branch","line":223,"loc":{"start":{"line":223,"column":43},"end":{"line":229,"column":5}},"locations":[{"start":{"line":223,"column":43},"end":{"line":229,"column":5}}]},"55":{"type":"branch","line":225,"loc":{"start":{"line":225,"column":56},"end":{"line":225,"column":75}},"locations":[{"start":{"line":225,"column":56},"end":{"line":225,"column":75}}]},"56":{"type":"branch","line":226,"loc":{"start":{"line":226,"column":29},"end":{"line":226,"column":53}},"locations":[{"start":{"line":226,"column":29},"end":{"line":226,"column":53}}]},"57":{"type":"branch","line":232,"loc":{"start":{"line":232,"column":38},"end":{"line":251,"column":3}},"locations":[{"start":{"line":232,"column":38},"end":{"line":251,"column":3}}]},"58":{"type":"branch","line":233,"loc":{"start":{"line":233,"column":49},"end":{"line":242,"column":5}},"locations":[{"start":{"line":233,"column":49},"end":{"line":242,"column":5}}]},"59":{"type":"branch","line":244,"loc":{"start":{"line":244,"column":45},"end":{"line":250,"column":5}},"locations":[{"start":{"line":244,"column":45},"end":{"line":250,"column":5}}]},"60":{"type":"branch","line":253,"loc":{"start":{"line":253,"column":37},"end":{"line":270,"column":3}},"locations":[{"start":{"line":253,"column":37},"end":{"line":270,"column":3}}]},"61":{"type":"branch","line":254,"loc":{"start":{"line":254,"column":48},"end":{"line":269,"column":5}},"locations":[{"start":{"line":254,"column":48},"end":{"line":269,"column":5}}]},"62":{"type":"branch","line":273,"loc":{"start":{"line":273,"column":37},"end":{"line":312,"column":3}},"locations":[{"start":{"line":273,"column":37},"end":{"line":312,"column":3}}]},"63":{"type":"branch","line":274,"loc":{"start":{"line":274,"column":33},"end":{"line":285,"column":3}},"locations":[{"start":{"line":274,"column":33},"end":{"line":285,"column":3}}]},"64":{"type":"branch","line":287,"loc":{"start":{"line":287,"column":48},"end":{"line":298,"column":3}},"locations":[{"start":{"line":287,"column":48},"end":{"line":298,"column":3}}]},"65":{"type":"branch","line":300,"loc":{"start":{"line":300,"column":40},"end":{"line":311,"column":3}},"locations":[{"start":{"line":300,"column":40},"end":{"line":311,"column":3}}]},"66":{"type":"branch","line":314,"loc":{"start":{"line":314,"column":34},"end":{"line":430,"column":3}},"locations":[{"start":{"line":314,"column":34},"end":{"line":430,"column":3}}]},"67":{"type":"branch","line":315,"loc":{"start":{"line":315,"column":33},"end":{"line":346,"column":3}},"locations":[{"start":{"line":315,"column":33},"end":{"line":346,"column":3}}]},"68":{"type":"branch","line":316,"loc":{"start":{"line":316,"column":40},"end":{"line":331,"column":5}},"locations":[{"start":{"line":316,"column":40},"end":{"line":331,"column":5}}]},"69":{"type":"branch","line":324,"loc":{"start":{"line":324,"column":27},"end":{"line":330,"column":7}},"locations":[{"start":{"line":324,"column":27},"end":{"line":330,"column":7}}]},"70":{"type":"branch","line":325,"loc":{"start":{"line":325,"column":15},"end":{"line":329,"column":9}},"locations":[{"start":{"line":325,"column":15},"end":{"line":329,"column":9}}]},"71":{"type":"branch","line":326,"loc":{"start":{"line":326,"column":70},"end":{"line":328,"column":11}},"locations":[{"start":{"line":326,"column":70},"end":{"line":328,"column":11}}]},"72":{"type":"branch","line":333,"loc":{"start":{"line":333,"column":44},"end":{"line":345,"column":5}},"locations":[{"start":{"line":333,"column":44},"end":{"line":345,"column":5}}]},"73":{"type":"branch","line":336,"loc":{"start":{"line":336,"column":29},"end":{"line":344,"column":7}},"locations":[{"start":{"line":336,"column":29},"end":{"line":344,"column":7}}]},"74":{"type":"branch","line":337,"loc":{"start":{"line":337,"column":33},"end":{"line":343,"column":9}},"locations":[{"start":{"line":337,"column":33},"end":{"line":343,"column":9}}]},"75":{"type":"branch","line":338,"loc":{"start":{"line":338,"column":17},"end":{"line":342,"column":11}},"locations":[{"start":{"line":338,"column":17},"end":{"line":342,"column":11}}]},"76":{"type":"branch","line":339,"loc":{"start":{"line":339,"column":33},"end":{"line":339,"column":84}},"locations":[{"start":{"line":339,"column":33},"end":{"line":339,"column":84}}]},"77":{"type":"branch","line":348,"loc":{"start":{"line":348,"column":31},"end":{"line":381,"column":3}},"locations":[{"start":{"line":348,"column":31},"end":{"line":381,"column":3}}]},"78":{"type":"branch","line":349,"loc":{"start":{"line":349,"column":38},"end":{"line":356,"column":5}},"locations":[{"start":{"line":349,"column":38},"end":{"line":356,"column":5}}]},"79":{"type":"branch","line":350,"loc":{"start":{"line":350,"column":13},"end":{"line":355,"column":7}},"locations":[{"start":{"line":350,"column":13},"end":{"line":355,"column":7}}]},"80":{"type":"branch","line":358,"loc":{"start":{"line":358,"column":41},"end":{"line":368,"column":5}},"locations":[{"start":{"line":358,"column":41},"end":{"line":368,"column":5}}]},"81":{"type":"branch","line":361,"loc":{"start":{"line":361,"column":25},"end":{"line":367,"column":7}},"locations":[{"start":{"line":361,"column":25},"end":{"line":367,"column":7}}]},"82":{"type":"branch","line":362,"loc":{"start":{"line":362,"column":15},"end":{"line":366,"column":9}},"locations":[{"start":{"line":362,"column":15},"end":{"line":366,"column":9}}]},"83":{"type":"branch","line":363,"loc":{"start":{"line":363,"column":28},"end":{"line":363,"column":64}},"locations":[{"start":{"line":363,"column":28},"end":{"line":363,"column":64}}]},"84":{"type":"branch","line":370,"loc":{"start":{"line":370,"column":39},"end":{"line":380,"column":5}},"locations":[{"start":{"line":370,"column":39},"end":{"line":380,"column":5}}]},"85":{"type":"branch","line":373,"loc":{"start":{"line":373,"column":23},"end":{"line":379,"column":7}},"locations":[{"start":{"line":373,"column":23},"end":{"line":379,"column":7}}]},"86":{"type":"branch","line":374,"loc":{"start":{"line":374,"column":15},"end":{"line":378,"column":9}},"locations":[{"start":{"line":374,"column":15},"end":{"line":378,"column":9}}]},"87":{"type":"branch","line":375,"loc":{"start":{"line":375,"column":64},"end":{"line":377,"column":11}},"locations":[{"start":{"line":375,"column":64},"end":{"line":377,"column":11}}]},"88":{"type":"branch","line":383,"loc":{"start":{"line":383,"column":37},"end":{"line":429,"column":3}},"locations":[{"start":{"line":383,"column":37},"end":{"line":429,"column":3}}]},"89":{"type":"branch","line":384,"loc":{"start":{"line":384,"column":49},"end":{"line":398,"column":5}},"locations":[{"start":{"line":384,"column":49},"end":{"line":398,"column":5}}]},"90":{"type":"branch","line":385,"loc":{"start":{"line":385,"column":13},"end":{"line":390,"column":7}},"locations":[{"start":{"line":385,"column":13},"end":{"line":390,"column":7}}]},"91":{"type":"branch","line":392,"loc":{"start":{"line":392,"column":13},"end":{"line":397,"column":7}},"locations":[{"start":{"line":392,"column":13},"end":{"line":397,"column":7}}]},"92":{"type":"branch","line":394,"loc":{"start":{"line":394,"column":28},"end":{"line":394,"column":67}},"locations":[{"start":{"line":394,"column":28},"end":{"line":394,"column":67}}]},"93":{"type":"branch","line":400,"loc":{"start":{"line":400,"column":50},"end":{"line":412,"column":5}},"locations":[{"start":{"line":400,"column":50},"end":{"line":412,"column":5}}]},"94":{"type":"branch","line":403,"loc":{"start":{"line":403,"column":33},"end":{"line":411,"column":7}},"locations":[{"start":{"line":403,"column":33},"end":{"line":411,"column":7}}]},"95":{"type":"branch","line":404,"loc":{"start":{"line":404,"column":38},"end":{"line":410,"column":9}},"locations":[{"start":{"line":404,"column":38},"end":{"line":410,"column":9}}]},"96":{"type":"branch","line":405,"loc":{"start":{"line":405,"column":17},"end":{"line":409,"column":11}},"locations":[{"start":{"line":405,"column":17},"end":{"line":409,"column":11}}]},"97":{"type":"branch","line":406,"loc":{"start":{"line":406,"column":38},"end":{"line":406,"column":69}},"locations":[{"start":{"line":406,"column":38},"end":{"line":406,"column":69}}]},"98":{"type":"branch","line":414,"loc":{"start":{"line":414,"column":41},"end":{"line":428,"column":5}},"locations":[{"start":{"line":414,"column":41},"end":{"line":428,"column":5}}]},"99":{"type":"branch","line":417,"loc":{"start":{"line":417,"column":13},"end":{"line":427,"column":7}},"locations":[{"start":{"line":417,"column":13},"end":{"line":427,"column":7}}]},"100":{"type":"branch","line":418,"loc":{"start":{"line":418,"column":58},"end":{"line":420,"column":9}},"locations":[{"start":{"line":418,"column":58},"end":{"line":420,"column":9}}]},"101":{"type":"branch","line":421,"loc":{"start":{"line":421,"column":72},"end":{"line":423,"column":9}},"locations":[{"start":{"line":421,"column":72},"end":{"line":423,"column":9}}]},"102":{"type":"branch","line":424,"loc":{"start":{"line":424,"column":77},"end":{"line":426,"column":9}},"locations":[{"start":{"line":424,"column":77},"end":{"line":426,"column":9}}]},"103":{"type":"branch","line":432,"loc":{"start":{"line":432,"column":24},"end":{"line":498,"column":3}},"locations":[{"start":{"line":432,"column":24},"end":{"line":498,"column":3}}]},"104":{"type":"branch","line":433,"loc":{"start":{"line":433,"column":51},"end":{"line":497,"column":3}},"locations":[{"start":{"line":433,"column":51},"end":{"line":497,"column":3}}]}},"b":{"0":[36],"1":[36],"2":[1],"3":[1],"4":[1],"5":[2],"6":[1],"7":[1],"8":[2],"9":[1],"10":[1],"11":[1],"12":[6],"13":[6],"14":[1],"15":[5],"16":[2],"17":[3],"18":[1],"19":[1],"20":[1],"21":[1],"22":[1],"23":[1],"24":[7],"25":[4],"26":[5],"27":[2],"28":[1],"29":[1],"30":[1],"31":[1],"32":[1],"33":[1],"34":[1],"35":[1],"36":[1],"37":[8],"38":[5],"39":[4],"40":[1],"41":[1],"42":[1],"43":[1],"44":[1],"45":[1],"46":[1],"47":[1],"48":[1],"49":[1],"50":[2],"51":[2],"52":[1],"53":[1],"54":[1],"55":[3],"56":[2],"57":[1],"58":[1],"59":[1],"60":[1],"61":[1],"62":[1],"63":[1],"64":[1],"65":[1],"66":[1],"67":[1],"68":[1],"69":[4],"70":[4],"71":[0],"72":[1],"73":[5],"74":[4],"75":[4],"76":[0],"77":[1],"78":[1],"79":[1],"80":[1],"81":[4],"82":[4],"83":[0],"84":[1],"85":[3],"86":[3],"87":[0],"88":[1],"89":[1],"90":[1],"91":[1],"92":[0],"93":[1],"94":[5],"95":[4],"96":[4],"97":[0],"98":[1],"99":[1],"100":[0],"101":[0],"102":[0],"103":[1],"104":[1]},"fnMap":{"0":{"name":"validateString","decl":{"start":{"line":145,"column":27},"end":{"line":150,"column":6}},"loc":{"start":{"line":145,"column":27},"end":{"line":150,"column":6}},"line":145},"1":{"name":"validateNumber","decl":{"start":{"line":170,"column":27},"end":{"line":175,"column":6}},"loc":{"start":{"line":170,"column":27},"end":{"line":175,"column":6}},"line":170}},"f":{"0":7,"1":8}}
,"/Users/kyledupont/Documents/code/ohalo/dxr-mcp-server/src/index.ts": {"path":"/Users/kyledupont/Documents/code/ohalo/dxr-mcp-server/src/index.ts","all":false,"statementMap":{"0":{"start":{"line":1,"column":0},"end":{"line":1,"column":19}},"10":{"start":{"line":11,"column":0},"end":{"line":11,"column":34}},"11":{"start":{"line":12,"column":0},"end":{"line":12,"column":36}},"12":{"start":{"line":13,"column":0},"end":{"line":13,"column":37}},"13":{"start":{"line":14,"column":0},"end":{"line":14,"column":67}},"14":{"start":{"line":15,"column":0},"end":{"line":15,"column":81}},"19":{"start":{"line":20,"column":0},"end":{"line":20,"column":44}},"29":{"start":{"line":30,"column":0},"end":{"line":30,"column":50}},"30":{"start":{"line":31,"column":0},"end":{"line":31,"column":38}},"31":{"start":{"line":32,"column":0},"end":{"line":32,"column":31}},"32":{"start":{"line":33,"column":0},"end":{"line":33,"column":59}},"33":{"start":{"line":34,"column":0},"end":{"line":34,"column":2}},"34":{"start":{"line":35,"column":0},"end":{"line":35,"column":36}},"37":{"start":{"line":38,"column":0},"end":{"line":38,"column":44}},"38":{"start":{"line":39,"column":0},"end":{"line":39,"column":48}},"40":{"start":{"line":41,"column":0},"end":{"line":41,"column":37}},"41":{"start":{"line":42,"column":0},"end":{"line":42,"column":91}},"42":{"start":{"line":43,"column":0},"end":{"line":43,"column":18}},"43":{"start":{"line":44,"column":0},"end":{"line":44,"column":1}},"46":{"start":{"line":47,"column":0},"end":{"line":47,"column":19}},"47":{"start":{"line":48,"column":0},"end":{"line":48,"column":18}},"48":{"start":{"line":49,"column":0},"end":{"line":49,"column":20}},"49":{"start":{"line":50,"column":0},"end":{"line":50,"column":16}},"53":{"start":{"line":54,"column":0},"end":{"line":54,"column":58}},"54":{"start":{"line":55,"column":0},"end":{"line":55,"column":61}},"55":{"start":{"line":56,"column":0},"end":{"line":56,"column":31}},"56":{"start":{"line":57,"column":0},"end":{"line":57,"column":3}},"57":{"start":{"line":58,"column":0},"end":{"line":58,"column":52}},"58":{"start":{"line":59,"column":0},"end":{"line":59,"column":30}},"59":{"start":{"line":60,"column":0},"end":{"line":60,"column":3}},"60":{"start":{"line":61,"column":0},"end":{"line":61,"column":27}},"61":{"start":{"line":62,"column":0},"end":{"line":62,"column":1}},"64":{"start":{"line":65,"column":0},"end":{"line":65,"column":33}},"65":{"start":{"line":66,"column":0},"end":{"line":66,"column":19}},"66":{"start":{"line":67,"column":0},"end":{"line":67,"column":27}},"67":{"start":{"line":68,"column":0},"end":{"line":68,"column":15}},"68":{"start":{"line":69,"column":0},"end":{"line":69,"column":42}},"69":{"start":{"line":70,"column":0},"end":{"line":70,"column":37}},"70":{"start":{"line":71,"column":0},"end":{"line":71,"column":15}},"71":{"start":{"line":72,"column":0},"end":{"line":72,"column":14}},"72":{"start":{"line":73,"column":0},"end":{"line":73,"column":49}},"73":{"start":{"line":74,"column":0},"end":{"line":74,"column":41}},"74":{"start":{"line":75,"column":0},"end":{"line":75,"column":25}},"75":{"start":{"line":76,"column":0},"end":{"line":76,"column":6}},"76":{"start":{"line":77,"column":0},"end":{"line":77,"column":5}},"78":{"start":{"line":79,"column":0},"end":{"line":79,"column":21}},"79":{"start":{"line":80,"column":0},"end":{"line":80,"column":44}},"80":{"start":{"line":81,"column":0},"end":{"line":81,"column":99}},"81":{"start":{"line":82,"column":0},"end":{"line":82,"column":3}},"83":{"start":{"line":84,"column":0},"end":{"line":84,"column":49}},"85":{"start":{"line":86,"column":0},"end":{"line":86,"column":25}},"86":{"start":{"line":87,"column":0},"end":{"line":87,"column":30}},"87":{"start":{"line":88,"column":0},"end":{"line":88,"column":41}},"88":{"start":{"line":89,"column":0},"end":{"line":89,"column":72}},"89":{"start":{"line":90,"column":0},"end":{"line":90,"column":55}},"90":{"start":{"line":91,"column":0},"end":{"line":91,"column":41}},"91":{"start":{"line":92,"column":0},"end":{"line":92,"column":5}},"93":{"start":{"line":94,"column":0},"end":{"line":94,"column":31}},"94":{"start":{"line":95,"column":0},"end":{"line":95,"column":50}},"95":{"start":{"line":96,"column":0},"end":{"line":96,"column":93}},"96":{"start":{"line":97,"column":0},"end":{"line":97,"column":83}},"97":{"start":{"line":98,"column":0},"end":{"line":98,"column":14}},"98":{"start":{"line":99,"column":0},"end":{"line":99,"column":56}},"99":{"start":{"line":100,"column":0},"end":{"line":100,"column":20}},"100":{"start":{"line":101,"column":0},"end":{"line":101,"column":27}},"101":{"start":{"line":102,"column":0},"end":{"line":102,"column":13}},"102":{"start":{"line":103,"column":0},"end":{"line":103,"column":5}},"104":{"start":{"line":105,"column":0},"end":{"line":105,"column":27}},"105":{"start":{"line":106,"column":0},"end":{"line":106,"column":12}},"106":{"start":{"line":107,"column":0},"end":{"line":107,"column":42}},"107":{"start":{"line":108,"column":0},"end":{"line":108,"column":3}},"108":{"start":{"line":109,"column":0},"end":{"line":109,"column":1}},"111":{"start":{"line":112,"column":0},"end":{"line":112,"column":68}},"112":{"start":{"line":113,"column":0},"end":{"line":113,"column":63}},"113":{"start":{"line":114,"column":0},"end":{"line":114,"column":72}},"114":{"start":{"line":115,"column":0},"end":{"line":115,"column":3}},"115":{"start":{"line":116,"column":0},"end":{"line":116,"column":15}},"116":{"start":{"line":117,"column":0},"end":{"line":117,"column":1}},"118":{"start":{"line":119,"column":0},"end":{"line":119,"column":68}},"119":{"start":{"line":120,"column":0},"end":{"line":120,"column":50}},"120":{"start":{"line":121,"column":0},"end":{"line":121,"column":68}},"121":{"start":{"line":122,"column":0},"end":{"line":122,"column":3}},"122":{"start":{"line":123,"column":0},"end":{"line":123,"column":15}},"123":{"start":{"line":124,"column":0},"end":{"line":124,"column":1}},"126":{"start":{"line":127,"column":0},"end":{"line":127,"column":23}},"127":{"start":{"line":128,"column":0},"end":{"line":128,"column":3}},"128":{"start":{"line":129,"column":0},"end":{"line":129,"column":31}},"129":{"start":{"line":130,"column":0},"end":{"line":130,"column":234}},"130":{"start":{"line":131,"column":0},"end":{"line":131,"column":18}},"131":{"start":{"line":132,"column":0},"end":{"line":132,"column":21}},"132":{"start":{"line":133,"column":0},"end":{"line":133,"column":19}},"133":{"start":{"line":134,"column":0},"end":{"line":134,"column":12}},"134":{"start":{"line":135,"column":0},"end":{"line":135,"column":25}},"135":{"start":{"line":136,"column":0},"end":{"line":136,"column":168}},"136":{"start":{"line":137,"column":0},"end":{"line":137,"column":10}},"137":{"start":{"line":138,"column":0},"end":{"line":138,"column":8}},"138":{"start":{"line":139,"column":0},"end":{"line":139,"column":6}},"139":{"start":{"line":140,"column":0},"end":{"line":140,"column":4}},"140":{"start":{"line":141,"column":0},"end":{"line":141,"column":3}},"141":{"start":{"line":142,"column":0},"end":{"line":142,"column":29}},"142":{"start":{"line":143,"column":0},"end":{"line":143,"column":173}},"143":{"start":{"line":144,"column":0},"end":{"line":144,"column":18}},"144":{"start":{"line":145,"column":0},"end":{"line":145,"column":21}},"145":{"start":{"line":146,"column":0},"end":{"line":146,"column":19}},"146":{"start":{"line":147,"column":0},"end":{"line":147,"column":13}},"147":{"start":{"line":148,"column":0},"end":{"line":148,"column":25}},"148":{"start":{"line":149,"column":0},"end":{"line":149,"column":94}},"149":{"start":{"line":150,"column":0},"end":{"line":150,"column":10}},"150":{"start":{"line":151,"column":0},"end":{"line":151,"column":8}},"151":{"start":{"line":152,"column":0},"end":{"line":152,"column":23}},"152":{"start":{"line":153,"column":0},"end":{"line":153,"column":6}},"153":{"start":{"line":154,"column":0},"end":{"line":154,"column":4}},"154":{"start":{"line":155,"column":0},"end":{"line":155,"column":3}},"155":{"start":{"line":156,"column":0},"end":{"line":156,"column":35}},"156":{"start":{"line":157,"column":0},"end":{"line":157,"column":245}},"157":{"start":{"line":158,"column":0},"end":{"line":158,"column":18}},"158":{"start":{"line":159,"column":0},"end":{"line":159,"column":21}},"159":{"start":{"line":160,"column":0},"end":{"line":160,"column":19}},"160":{"start":{"line":161,"column":0},"end":{"line":161,"column":13}},"161":{"start":{"line":162,"column":0},"end":{"line":162,"column":25}},"162":{"start":{"line":163,"column":0},"end":{"line":163,"column":59}},"163":{"start":{"line":164,"column":0},"end":{"line":164,"column":10}},"164":{"start":{"line":165,"column":0},"end":{"line":165,"column":22}},"165":{"start":{"line":166,"column":0},"end":{"line":166,"column":25}},"166":{"start":{"line":167,"column":0},"end":{"line":167,"column":83}},"167":{"start":{"line":168,"column":0},"end":{"line":168,"column":10}},"168":{"start":{"line":169,"column":0},"end":{"line":169,"column":8}},"169":{"start":{"line":170,"column":0},"end":{"line":170,"column":38}},"170":{"start":{"line":171,"column":0},"end":{"line":171,"column":6}},"171":{"start":{"line":172,"column":0},"end":{"line":172,"column":4}},"172":{"start":{"line":173,"column":0},"end":{"line":173,"column":3}},"173":{"start":{"line":174,"column":0},"end":{"line":174,"column":32}},"174":{"start":{"line":175,"column":0},"end":{"line":175,"column":242}},"175":{"start":{"line":176,"column":0},"end":{"line":176,"column":18}},"176":{"start":{"line":177,"column":0},"end":{"line":177,"column":21}},"177":{"start":{"line":178,"column":0},"end":{"line":178,"column":21}},"178":{"start":{"line":179,"column":0},"end":{"line":179,"column":6}},"179":{"start":{"line":180,"column":0},"end":{"line":180,"column":4}},"180":{"start":{"line":181,"column":0},"end":{"line":181,"column":3}},"181":{"start":{"line":182,"column":0},"end":{"line":182,"column":26}},"182":{"start":{"line":183,"column":0},"end":{"line":183,"column":182}},"183":{"start":{"line":184,"column":0},"end":{"line":184,"column":18}},"184":{"start":{"line":185,"column":0},"end":{"line":185,"column":21}},"185":{"start":{"line":186,"column":0},"end":{"line":186,"column":21}},"186":{"start":{"line":187,"column":0},"end":{"line":187,"column":6}},"187":{"start":{"line":188,"column":0},"end":{"line":188,"column":4}},"188":{"start":{"line":189,"column":0},"end":{"line":189,"column":2}},"191":{"start":{"line":192,"column":0},"end":{"line":192,"column":26}},"192":{"start":{"line":193,"column":0},"end":{"line":193,"column":3}},"193":{"start":{"line":194,"column":0},"end":{"line":194,"column":27}},"194":{"start":{"line":195,"column":0},"end":{"line":195,"column":21}},"195":{"start":{"line":196,"column":0},"end":{"line":196,"column":4}},"196":{"start":{"line":197,"column":0},"end":{"line":197,"column":3}},"197":{"start":{"line":198,"column":0},"end":{"line":198,"column":19}},"198":{"start":{"line":199,"column":0},"end":{"line":199,"column":16}},"199":{"start":{"line":200,"column":0},"end":{"line":200,"column":6}},"200":{"start":{"line":201,"column":0},"end":{"line":201,"column":3}},"201":{"start":{"line":202,"column":0},"end":{"line":202,"column":2}},"204":{"start":{"line":205,"column":0},"end":{"line":205,"column":62}},"205":{"start":{"line":206,"column":0},"end":{"line":206,"column":19}},"206":{"start":{"line":207,"column":0},"end":{"line":207,"column":3}},"209":{"start":{"line":210,"column":0},"end":{"line":210,"column":68}},"210":{"start":{"line":211,"column":0},"end":{"line":211,"column":51}},"212":{"start":{"line":213,"column":0},"end":{"line":213,"column":7}},"213":{"start":{"line":214,"column":0},"end":{"line":214,"column":19}},"214":{"start":{"line":215,"column":0},"end":{"line":215,"column":34}},"216":{"start":{"line":217,"column":0},"end":{"line":217,"column":35}},"217":{"start":{"line":218,"column":0},"end":{"line":218,"column":39}},"218":{"start":{"line":219,"column":0},"end":{"line":219,"column":42}},"219":{"start":{"line":220,"column":0},"end":{"line":220,"column":9}},"220":{"start":{"line":221,"column":0},"end":{"line":221,"column":89}},"221":{"start":{"line":222,"column":0},"end":{"line":222,"column":70}},"222":{"start":{"line":223,"column":0},"end":{"line":223,"column":33}},"223":{"start":{"line":224,"column":0},"end":{"line":224,"column":10}},"224":{"start":{"line":225,"column":0},"end":{"line":225,"column":16}},"225":{"start":{"line":226,"column":0},"end":{"line":226,"column":20}},"226":{"start":{"line":227,"column":0},"end":{"line":227,"column":13}},"227":{"start":{"line":228,"column":0},"end":{"line":228,"column":27}},"228":{"start":{"line":229,"column":0},"end":{"line":229,"column":52}},"229":{"start":{"line":230,"column":0},"end":{"line":230,"column":14}},"230":{"start":{"line":231,"column":0},"end":{"line":231,"column":12}},"231":{"start":{"line":232,"column":0},"end":{"line":232,"column":10}},"232":{"start":{"line":233,"column":0},"end":{"line":233,"column":7}},"234":{"start":{"line":235,"column":0},"end":{"line":235,"column":32}},"235":{"start":{"line":236,"column":0},"end":{"line":236,"column":24}},"236":{"start":{"line":237,"column":0},"end":{"line":237,"column":60}},"237":{"start":{"line":238,"column":0},"end":{"line":238,"column":9}},"238":{"start":{"line":239,"column":0},"end":{"line":239,"column":53}},"239":{"start":{"line":240,"column":0},"end":{"line":240,"column":65}},"240":{"start":{"line":241,"column":0},"end":{"line":241,"column":63}},"241":{"start":{"line":242,"column":0},"end":{"line":242,"column":10}},"242":{"start":{"line":243,"column":0},"end":{"line":243,"column":16}},"243":{"start":{"line":244,"column":0},"end":{"line":244,"column":20}},"244":{"start":{"line":245,"column":0},"end":{"line":245,"column":13}},"245":{"start":{"line":246,"column":0},"end":{"line":246,"column":27}},"246":{"start":{"line":247,"column":0},"end":{"line":247,"column":36}},"247":{"start":{"line":248,"column":0},"end":{"line":248,"column":63}},"248":{"start":{"line":249,"column":0},"end":{"line":249,"column":48}},"249":{"start":{"line":250,"column":0},"end":{"line":250,"column":62}},"250":{"start":{"line":251,"column":0},"end":{"line":251,"column":46}},"251":{"start":{"line":252,"column":0},"end":{"line":252,"column":26}},"252":{"start":{"line":253,"column":0},"end":{"line":253,"column":14}},"253":{"start":{"line":254,"column":0},"end":{"line":254,"column":12}},"254":{"start":{"line":255,"column":0},"end":{"line":255,"column":10}},"255":{"start":{"line":256,"column":0},"end":{"line":256,"column":7}},"257":{"start":{"line":258,"column":0},"end":{"line":258,"column":38}},"258":{"start":{"line":259,"column":0},"end":{"line":259,"column":59}},"259":{"start":{"line":260,"column":0},"end":{"line":260,"column":77}},"260":{"start":{"line":261,"column":0},"end":{"line":261,"column":9}},"261":{"start":{"line":262,"column":0},"end":{"line":262,"column":53}},"262":{"start":{"line":263,"column":0},"end":{"line":263,"column":75}},"263":{"start":{"line":264,"column":0},"end":{"line":264,"column":63}},"264":{"start":{"line":265,"column":0},"end":{"line":265,"column":95}},"265":{"start":{"line":266,"column":0},"end":{"line":266,"column":10}},"266":{"start":{"line":267,"column":0},"end":{"line":267,"column":16}},"267":{"start":{"line":268,"column":0},"end":{"line":268,"column":20}},"268":{"start":{"line":269,"column":0},"end":{"line":269,"column":13}},"269":{"start":{"line":270,"column":0},"end":{"line":270,"column":27}},"270":{"start":{"line":271,"column":0},"end":{"line":271,"column":52}},"271":{"start":{"line":272,"column":0},"end":{"line":272,"column":14}},"272":{"start":{"line":273,"column":0},"end":{"line":273,"column":12}},"273":{"start":{"line":274,"column":0},"end":{"line":274,"column":10}},"274":{"start":{"line":275,"column":0},"end":{"line":275,"column":7}},"276":{"start":{"line":277,"column":0},"end":{"line":277,"column":35}},"277":{"start":{"line":278,"column":0},"end":{"line":278,"column":67}},"278":{"start":{"line":279,"column":0},"end":{"line":279,"column":35}},"279":{"start":{"line":280,"column":0},"end":{"line":280,"column":10}},"280":{"start":{"line":281,"column":0},"end":{"line":281,"column":16}},"281":{"start":{"line":282,"column":0},"end":{"line":282,"column":20}},"282":{"start":{"line":283,"column":0},"end":{"line":283,"column":13}},"283":{"start":{"line":284,"column":0},"end":{"line":284,"column":27}},"284":{"start":{"line":285,"column":0},"end":{"line":285,"column":52}},"285":{"start":{"line":286,"column":0},"end":{"line":286,"column":14}},"286":{"start":{"line":287,"column":0},"end":{"line":287,"column":12}},"287":{"start":{"line":288,"column":0},"end":{"line":288,"column":10}},"288":{"start":{"line":289,"column":0},"end":{"line":289,"column":7}},"290":{"start":{"line":291,"column":0},"end":{"line":291,"column":29}},"291":{"start":{"line":292,"column":0},"end":{"line":292,"column":61}},"292":{"start":{"line":293,"column":0},"end":{"line":293,"column":29}},"293":{"start":{"line":294,"column":0},"end":{"line":294,"column":10}},"294":{"start":{"line":295,"column":0},"end":{"line":295,"column":16}},"295":{"start":{"line":296,"column":0},"end":{"line":296,"column":20}},"296":{"start":{"line":297,"column":0},"end":{"line":297,"column":13}},"297":{"start":{"line":298,"column":0},"end":{"line":298,"column":27}},"298":{"start":{"line":299,"column":0},"end":{"line":299,"column":52}},"299":{"start":{"line":300,"column":0},"end":{"line":300,"column":14}},"300":{"start":{"line":301,"column":0},"end":{"line":301,"column":12}},"301":{"start":{"line":302,"column":0},"end":{"line":302,"column":10}},"302":{"start":{"line":303,"column":0},"end":{"line":303,"column":7}},"304":{"start":{"line":305,"column":0},"end":{"line":305,"column":14}},"305":{"start":{"line":306,"column":0},"end":{"line":306,"column":49}},"306":{"start":{"line":307,"column":0},"end":{"line":307,"column":5}},"307":{"start":{"line":308,"column":0},"end":{"line":308,"column":19}},"308":{"start":{"line":309,"column":0},"end":{"line":309,"column":80}},"309":{"start":{"line":310,"column":0},"end":{"line":310,"column":12}},"310":{"start":{"line":311,"column":0},"end":{"line":311,"column":16}},"311":{"start":{"line":312,"column":0},"end":{"line":312,"column":9}},"312":{"start":{"line":313,"column":0},"end":{"line":313,"column":23}},"313":{"start":{"line":314,"column":0},"end":{"line":314,"column":32}},"314":{"start":{"line":315,"column":0},"end":{"line":315,"column":32}},"315":{"start":{"line":316,"column":0},"end":{"line":316,"column":22}},"316":{"start":{"line":317,"column":0},"end":{"line":317,"column":10}},"317":{"start":{"line":318,"column":0},"end":{"line":318,"column":8}},"318":{"start":{"line":319,"column":0},"end":{"line":319,"column":20}},"319":{"start":{"line":320,"column":0},"end":{"line":320,"column":6}},"320":{"start":{"line":321,"column":0},"end":{"line":321,"column":3}},"321":{"start":{"line":322,"column":0},"end":{"line":322,"column":3}},"324":{"start":{"line":325,"column":0},"end":{"line":325,"column":23}},"325":{"start":{"line":326,"column":0},"end":{"line":326,"column":47}},"326":{"start":{"line":327,"column":0},"end":{"line":327,"column":34}},"329":{"start":{"line":330,"column":0},"end":{"line":330,"column":70}},"330":{"start":{"line":331,"column":0},"end":{"line":331,"column":1}},"332":{"start":{"line":333,"column":0},"end":{"line":333,"column":25}},"333":{"start":{"line":334,"column":0},"end":{"line":334,"column":39}},"334":{"start":{"line":335,"column":0},"end":{"line":335,"column":18}},"335":{"start":{"line":336,"column":0},"end":{"line":336,"column":3}}},"s":{"0":1,"10":1,"11":1,"12":1,"13":1,"14":1,"19":1,"29":1,"30":1,"31":1,"32":1,"33":1,"34":1,"37":1,"38":1,"40":1,"41":1,"42":1,"43":1,"46":2,"47":1,"48":1,"49":1,"53":0,"54":0,"55":0,"56":0,"57":0,"58":0,"59":0,"60":0,"61":0,"64":0,"65":0,"66":0,"67":0,"68":0,"69":0,"70":0,"71":0,"72":0,"73":0,"74":0,"75":0,"76":0,"78":0,"79":0,"80":0,"81":0,"83":0,"85":0,"86":0,"87":0,"88":0,"89":0,"90":0,"91":0,"93":0,"94":0,"95":0,"96":0,"97":0,"98":0,"99":0,"100":0,"101":0,"102":0,"104":0,"105":0,"106":0,"107":0,"108":0,"111":0,"112":0,"113":0,"114":0,"115":0,"116":0,"118":0,"119":0,"120":0,"121":0,"122":0,"123":0,"126":1,"127":1,"128":1,"129":1,"130":1,"131":1,"132":1,"133":1,"134":1,"135":1,"136":1,"137":1,"138":1,"139":1,"140":1,"141":1,"142":1,"143":1,"144":1,"145":1,"146":1,"147":1,"148":1,"149":1,"150":1,"151":1,"152":1,"153":1,"154":1,"155":1,"156":1,"157":1,"158":1,"159":1,"160":1,"161":1,"162":1,"163":1,"164":1,"165":1,"166":1,"167":1,"168":1,"169":1,"170":1,"171":1,"172":1,"173":1,"174":1,"175":1,"176":1,"177":1,"178":1,"179":1,"180":1,"181":1,"182":1,"183":1,"184":1,"185":1,"186":1,"187":1,"188":1,"191":1,"192":1,"193":1,"194":1,"195":1,"196":1,"197":1,"198":1,"199":1,"200":1,"201":1,"204":1,"205":0,"206":0,"209":1,"210":0,"212":0,"213":0,"214":0,"216":0,"217":0,"218":0,"219":0,"220":0,"221":0,"222":0,"223":0,"224":0,"225":0,"226":0,"227":0,"228":0,"229":0,"230":0,"231":0,"232":0,"234":0,"235":0,"236":0,"237":0,"238":0,"239":0,"240":0,"241":0,"242":0,"243":0,"244":0,"245":0,"246":0,"247":0,"248":0,"249":0,"250":0,"251":0,"252":0,"253":0,"254":0,"255":0,"257":0,"258":0,"259":0,"260":0,"261":0,"262":0,"263":0,"264":0,"265":0,"266":0,"267":0,"268":0,"269":0,"270":0,"271":0,"272":0,"273":0,"274":0,"276":0,"277":0,"278":0,"279":0,"280":0,"281":0,"282":0,"283":0,"284":0,"285":0,"286":0,"287":0,"288":0,"290":0,"291":0,"292":0,"293":0,"294":0,"295":0,"296":0,"297":0,"298":0,"299":0,"300":0,"301":0,"302":0,"304":0,"305":0,"306":0,"307":0,"308":0,"309":0,"310":0,"311":0,"312":0,"313":0,"314":0,"315":0,"316":0,"317":0,"318":0,"319":0,"320":0,"321":0,"324":2,"325":2,"326":2,"329":2,"330":2,"332":1,"333":0,"334":0,"335":0},"branchMap":{"0":{"type":"branch","line":41,"loc":{"start":{"line":41,"column":5},"end":{"line":41,"column":36}},"locations":[{"start":{"line":41,"column":5},"end":{"line":41,"column":36}}]},"1":{"type":"branch","line":47,"loc":{"start":{"line":47,"column":0},"end":{"line":47,"column":19}},"locations":[{"start":{"line":47,"column":0},"end":{"line":47,"column":19}}]},"2":{"type":"branch","line":325,"loc":{"start":{"line":325,"column":0},"end":{"line":331,"column":1}},"locations":[{"start":{"line":325,"column":0},"end":{"line":331,"column":1}}]}},"b":{"0":[1],"1":[2],"2":[2]},"fnMap":{"0":{"name":"getResponseType","decl":{"start":{"line":54,"column":0},"end":{"line":62,"column":1}},"loc":{"start":{"line":54,"column":0},"end":{"line":62,"column":1}},"line":54},"1":{"name":"makeApiRequest","decl":{"start":{"line":65,"column":0},"end":{"line":109,"column":1}},"loc":{"start":{"line":65,"column":0},"end":{"line":109,"column":1}},"line":65},"2":{"name":"validateString","decl":{"start":{"line":112,"column":0},"end":{"line":117,"column":1}},"loc":{"start":{"line":112,"column":0},"end":{"line":117,"column":1}},"line":112},"3":{"name":"validateNumber","decl":{"start":{"line":119,"column":0},"end":{"line":124,"column":1}},"loc":{"start":{"line":119,"column":0},"end":{"line":124,"column":1}},"line":119},"4":{"name":"main","decl":{"start":{"line":325,"column":0},"end":{"line":331,"column":1}},"loc":{"start":{"line":325,"column":0},"end":{"line":331,"column":1}},"line":325}},"f":{"0":0,"1":0,"2":0,"3":0,"4":2}}
,"/Users/kyledupont/Documents/code/ohalo/dxr-mcp-server/src/types.ts": {"path":"/Users/kyledupont/Documents/code/ohalo/dxr-mcp-server/src/types.ts","all":true,"statementMap":{},"s":{},"branchMap":{"0":{"type":"branch","line":1,"loc":{"start":{"line":1,"column":1842},"end":{"line":80,"column":1}},"locations":[{"start":{"line":1,"column":1842},"end":{"line":80,"column":1}}]}},"b":{"0":[1]},"fnMap":{"0":{"name":"(empty-report)","decl":{"start":{"line":1,"column":1842},"end":{"line":80,"column":1}},"loc":{"start":{"line":1,"column":1842},"end":{"line":80,"column":1}},"line":1}},"f":{"0":1}}
}
